#
# A fatal error has been detected by the Java Runtime Environment:
#
#  EXCEPTION_UNCAUGHT_CXX_EXCEPTION (0xe06d7363) at pc=0x00007ff84a67fe7c, pid=23432, tid=21240
#
# JRE version: OpenJDK Runtime Environment GraalVM CE 22.0.0.2 (11.0.14+9) (build 11.0.14+9-jvmci-22.0-b05)
# Java VM: OpenJDK 64-Bit Server VM GraalVM CE 22.0.0.2 (11.0.14+9-jvmci-22.0-b05, mixed mode, sharing, tiered, jvmci, jvmci compiler, compressed oops, g1 gc, windows-amd64)
# Problematic frame:
# C  [KERNELBASE.dll+0x8fe7c]
#
# No core dump will be written. Minidumps are not enabled by default on client versions of Windows
#
# If you would like to submit a bug report, please visit:
#   https://github.com/oracle/graal/issues
# The crash happened outside the Java Virtual Machine in native code.
# See problematic frame for where to report the bug.
#

---------------  S U M M A R Y ------------

Command Line: -XX:ThreadPriorityPolicy=1 -XX:+UnlockExperimentalVMOptions -XX:+EnableJVMCIProduct -XX:-UnlockExperimentalVMOptions io.winty.sec.Keyexchange

Host: AMD Ryzen 7 3700X 8-Core Processor             , 16 cores, 31G,  Windows 11 , 64 bit Build 22621 (10.0.22621.1344)
Time: Thu Mar 30 18:15:34 2023 Hora oficial do Brasil elapsed time: 0.367760 seconds (0d 0h 0m 0s)

---------------  T H R E A D  ---------------

Current thread (0x000001f2333ae000):  JavaThread "main" [_thread_in_native, id=21240, stack(0x0000009a74c00000,0x0000009a74d00000)]

Stack: [0x0000009a74c00000,0x0000009a74d00000],  sp=0x0000009a74cfec30,  free space=1019k
Native frames: (J=compiled Java code, j=interpreted, Vv=VM code, C=native code)
C  [KERNELBASE.dll+0x8fe7c]
C  [VCRUNTIME140.dll+0x485d]
C  [rustjniopenssl.dll+0x194858]

Java frames: (J=compiled Java code, j=interpreted, Vv=VM code)
j  io.winty.sec.Keyexchange.exchangeKeys(Lio/winty/sec/Keys;Ljava/lang/String;Ljava/lang/String;)V+0
j  io.winty.sec.Keyexchange.main([Ljava/lang/String;)V+33
v  ~StubRoutines::call_stub

siginfo: EXCEPTION_UNCAUGHT_CXX_EXCEPTION (0xe06d7363), ExceptionInformation=0x0000000019930520 0x0000009a74cfeda0 0x00007fffeef5f468 0x00007fffeec60000 


Register to memory mapping:

RIP=0x00007ff84a67fe7c KERNELBASE.dll
RAX=0x000001f23de05f00 is at code_begin+0 in 
[CodeBlob (0x000001f23de05e90)]
Framesize: 0
BufferBlob (0x000001f23de05e90) used for jni_fast_GetFloatField
RBX=0x00007fffeef5f468 rustjniopenssl.dll
RCX=0x000001f23de05c00 is at code_begin+0 in 
[CodeBlob (0x000001f23de05b90)]
Framesize: 0
BufferBlob (0x000001f23de05b90) used for jni_fast_GetDoubleField
RDX=0x00007fff5973a3b0 jvm.dll
RSP=0x0000009a74cfec30 is pointing into the stack for thread: 0x000001f2333ae000
RBP=0x0000009a74cfed70 is pointing into the stack for thread: 0x000001f2333ae000
RSI=0x00007fffeee5fba8 rustjniopenssl.dll
RDI=0x0000009a74cfeda0 is pointing into the stack for thread: 0x000001f2333ae000
R8 =0x00007fff5973ac20 jvm.dll
R9 =0x00007fff5973ad80 jvm.dll
R10=0x00007fff5973aee0 jvm.dll
R11=0x00007fff5972e0f0 jvm.dll
R12=0x0 is NULL
R13={method} {0x000001f269757540} 'exchangeKeys' '(Lio/winty/sec/Keys;Ljava/lang/String;Ljava/lang/String;)V' in 'io/winty/sec/Keyexchange'
R14=0x00007fffeee5bf28 rustjniopenssl.dll
R15=0x0000000000000001 is an unknown value


Registers:
RAX=0x000001f23de05f00, RBX=0x00007fffeef5f468, RCX=0x000001f23de05c00, RDX=0x00007fff5973a3b0
RSP=0x0000009a74cfec30, RBP=0x0000009a74cfed70, RSI=0x00007fffeee5fba8, RDI=0x0000009a74cfeda0
R8 =0x00007fff5973ac20, R9 =0x00007fff5973ad80, R10=0x00007fff5973aee0, R11=0x00007fff5972e0f0
R12=0x0000000000000000, R13=0x000001f269757538, R14=0x00007fffeee5bf28, R15=0x0000000000000001
RIP=0x00007ff84a67fe7c, EFLAGS=0x0000000000000202

Top of Stack: (sp=0x0000009a74cfec30)
0x0000009a74cfec30:   000001f269757538 00007fffeef5f468
0x0000009a74cfec40:   00007fffeee5fba8 00007fffeedcbd2a
0x0000009a74cfec50:   00000081e06d7363 0000000000000000
0x0000009a74cfec60:   00007ff84a67fe7c 0000009a00000004
0x0000009a74cfec70:   0000000019930520 0000009a74cfeda0
0x0000009a74cfec80:   00007fffeef5f468 00007fffeec60000
0x0000009a74cfec90:   00007fff00000000 0000000000000000
0x0000009a74cfeca0:   0000000000000000 00007fffeef5f468
0x0000009a74cfecb0:   00007fffeee5bf28 00007ff84cfe655f
0x0000009a74cfecc0:   0000009a74cfed80 00007fffeef60000
0x0000009a74cfecd0:   00007fffeee5fba8 0000009a74cfeda0
0x0000009a74cfece0:   00007fffeef60000 00007fffeec60000
0x0000009a74cfecf0:   0000de1701d304c4 0000000000000000
0x0000009a74cfed00:   00007fffeef5f468 00007ff84675485d
0x0000009a74cfed10:   000000000000003a 0000000000000004
0x0000009a74cfed20:   0000009a74cfed30 0000000000000003 

Instructions: (pc=0x00007ff84a67fe7c)
0x00007ff84a67fd7c:   ff 4c 8d 05 94 24 29 00 33 d2 b9 00 00 10 00 e8
0x00007ff84a67fd8c:   c0 41 fb ff 4c 8b f0 48 89 44 24 58 48 85 c0 0f
0x00007ff84a67fd9c:   84 0b fe ff ff 4c 8d 05 58 24 29 00 33 d2 8d 4a
0x00007ff84a67fdac:   02 e8 9e 41 fb ff 48 8b f8 48 89 44 24 50 e9 ed
0x00007ff84a67fdbc:   fd ff ff 45 33 c0 49 8b d7 48 83 c9 ff e8 12 f1
0x00007ff84a67fdcc:   fe ff e9 08 ff ff ff 48 8b 0d 16 fe 2b 00 e8 01
0x00007ff84a67fddc:   c0 fa ff 48 8b cf e8 a9 99 f9 ff e9 f8 fe ff ff
0x00007ff84a67fdec:   49 8b ce e8 9c 99 f9 ff e9 f4 fe ff ff 48 8b ce
0x00007ff84a67fdfc:   e8 8f 99 f9 ff e9 f0 fe ff ff cc cc 71 18 d3 7a
0x00007ff84a67fe0c:   1a 87 89 f9 48 81 ec d8 00 00 00 48 8b 05 62 d1
0x00007ff84a67fe1c:   2b 00 48 33 c4 48 89 84 24 c0 00 00 00 48 83 64
0x00007ff84a67fe2c:   24 28 00 48 8d 05 da ff ff ff 83 e2 01 89 4c 24
0x00007ff84a67fe3c:   20 89 54 24 24 48 89 44 24 30 4d 85 c9 74 4f b8
0x00007ff84a67fe4c:   0f 00 00 00 48 8d 4c 24 40 44 3b c0 49 8b d1 41
0x00007ff84a67fe5c:   0f 46 c0 44 8b c0 44 89 44 24 38 49 c1 e0 03 e8
0x00007ff84a67fe6c:   e7 e0 02 00 48 8d 4c 24 20 48 ff 15 d4 8b 1c 00
0x00007ff84a67fe7c:   0f 1f 44 00 00 48 8b 8c 24 c0 00 00 00 48 33 cc
0x00007ff84a67fe8c:   e8 ef 6f 02 00 48 81 c4 d8 00 00 00 c3 cc 83 64
0x00007ff84a67fe9c:   24 38 00 eb cf cc cc cc cc cc cc cc 48 8b c4 48
0x00007ff84a67feac:   89 58 08 48 89 70 10 48 89 78 18 4c 89 68 20 55
0x00007ff84a67febc:   41 56 41 57 48 8d 68 a1 48 81 ec e0 00 00 00 48
0x00007ff84a67fecc:   8b 05 ae d0 2b 00 48 33 c4 48 89 45 3f 45 33 ff
0x00007ff84a67fedc:   66 c7 45 2b 00 05 48 8d 45 c7 44 89 7d 27 48 89
0x00007ff84a67feec:   44 24 50 48 8d 4d 27 44 89 7c 24 48 45 33 c9 44
0x00007ff84a67fefc:   89 7c 24 40 45 8d 47 12 44 89 7c 24 38 b2 01 44
0x00007ff84a67ff0c:   89 7c 24 30 41 8b df 44 89 7c 24 28 41 8b ff 44
0x00007ff84a67ff1c:   89 7c 24 20 45 8b f7 44 89 7d 2f 66 c7 45 33 00
0x00007ff84a67ff2c:   01 44 89 7d 37 66 c7 45 3b 00 10 4c 89 7d c7 4c
0x00007ff84a67ff3c:   89 7d cf 4c 89 7d d7 4c 89 7d df 48 ff 15 22 8c
0x00007ff84a67ff4c:   1c 00 0f 1f 44 00 00 85 c0 0f 88 a7 02 00 00 48
0x00007ff84a67ff5c:   8d 45 cf 41 b9 20 02 00 00 48 89 44 24 50 45 8d
0x00007ff84a67ff6c:   6f 02 44 89 7c 24 48 45 8d 47 20 44 89 7c 24 40 


Stack slot to memory mapping:
stack at sp + 0 slots: {method} {0x000001f269757540} 'exchangeKeys' '(Lio/winty/sec/Keys;Ljava/lang/String;Ljava/lang/String;)V' in 'io/winty/sec/Keyexchange'
stack at sp + 1 slots: 0x00007fffeef5f468 rustjniopenssl.dll
stack at sp + 2 slots: 0x00007fffeee5fba8 rustjniopenssl.dll
stack at sp + 3 slots: 0x00007fffeedcbd2a rustjniopenssl.dll
stack at sp + 4 slots: 0x00000081e06d7363 is an unknown value
stack at sp + 5 slots: 0x0 is NULL
stack at sp + 6 slots: 0x00007ff84a67fe7c KERNELBASE.dll
stack at sp + 7 slots: 0x0000009a00000004 is an unknown value


---------------  P R O C E S S  ---------------

Threads class SMR info:
_java_thread_list=0x000001f2692be4a0, length=12, elements={
0x000001f2333ae000, 0x000001f269076000, 0x000001f269077800, 0x000001f269098000,
0x000001f269099000, 0x000001f26909c000, 0x000001f26909d000, 0x000001f26909e800,
0x000001f2690a8800, 0x000001f2691ad800, 0x000001f2691c7000, 0x000001f2692c3800
}

Java Threads: ( => current thread )
=>0x000001f2333ae000 JavaThread "main" [_thread_in_native, id=21240, stack(0x0000009a74c00000,0x0000009a74d00000)]
  0x000001f269076000 JavaThread "Reference Handler" daemon [_thread_blocked, id=12992, stack(0x0000009a75300000,0x0000009a75400000)]
  0x000001f269077800 JavaThread "Finalizer" daemon [_thread_blocked, id=19264, stack(0x0000009a75400000,0x0000009a75500000)]
  0x000001f269098000 JavaThread "Signal Dispatcher" daemon [_thread_blocked, id=12064, stack(0x0000009a75500000,0x0000009a75600000)]
  0x000001f269099000 JavaThread "Attach Listener" daemon [_thread_blocked, id=15776, stack(0x0000009a75600000,0x0000009a75700000)]
  0x000001f26909c000 JavaThread "Service Thread" daemon [_thread_blocked, id=328, stack(0x0000009a75700000,0x0000009a75800000)]
  0x000001f26909d000 JavaThread "JVMCI-native CompilerThread0" daemon [_thread_blocked, id=1656, stack(0x0000009a75800000,0x0000009a75900000)]
  0x000001f26909e800 JavaThread "C1 CompilerThread0" daemon [_thread_blocked, id=20872, stack(0x0000009a75900000,0x0000009a75a00000)]
  0x000001f2690a8800 JavaThread "Sweeper thread" daemon [_thread_blocked, id=15408, stack(0x0000009a75a00000,0x0000009a75b00000)]
  0x000001f2691ad800 JavaThread "Common-Cleaner" daemon [_thread_blocked, id=18700, stack(0x0000009a75b00000,0x0000009a75c00000)]
  0x000001f2691c7000 JavaThread "C1 CompilerThread1" daemon [_thread_blocked, id=5960, stack(0x0000009a75c00000,0x0000009a75d00000)]
  0x000001f2692c3800 JavaThread "LibGraalHotSpotGraalManagement-init" daemon [_thread_in_native, id=10548, stack(0x0000009a75e00000,0x0000009a75f00000)]

Other Threads:
  0x000001f2686ce000 VMThread "VM Thread" [stack: 0x0000009a75200000,0x0000009a75300000] [id=11680]
  0x000001f269208800 WatcherThread [stack: 0x0000009a75d00000,0x0000009a75e00000] [id=7232]
  0x000001f2334d2800 GCTaskThread "GC Thread#0" [stack: 0x0000009a74d00000,0x0000009a74e00000] [id=10040]
  0x000001f233558000 ConcurrentGCThread "G1 Main Marker" [stack: 0x0000009a74e00000,0x0000009a74f00000] [id=11136]
  0x000001f23355a000 ConcurrentGCThread "G1 Conc#0" [stack: 0x0000009a74f00000,0x0000009a75000000] [id=23236]
  0x000001f268684800 ConcurrentGCThread "G1 Refine#0" [stack: 0x0000009a75000000,0x0000009a75100000] [id=10352]
  0x000001f268687800 ConcurrentGCThread "G1 Young RemSet Sampling" [stack: 0x0000009a75100000,0x0000009a75200000] [id=8336]

Threads with active compile tasks:

VM state:not at safepoint (normal execution)

VM Mutex/Monitor currently owned by a thread: None

Heap address: 0x0000000600c00000, size: 8180 MB, Compressed Oops mode: Zero based, Oop shift amount: 3
Narrow klass base: 0x0000000800000000, Narrow klass shift: 3
Compressed class space size: 1073741824 Address: 0x0000000840000000

Heap:
 garbage-first heap   total 524288K, used 2048K [0x0000000600c00000, 0x0000000800000000)
  region size 2048K, 2 young (4096K), 0 survivors (0K)
 Metaspace       used 447K, capacity 4529K, committed 4864K, reserved 1056768K
  class space    used 39K, capacity 399K, committed 512K, reserved 1048576K
Heap Regions: E=young(eden), S=young(survivor), O=old, HS=humongous(starts), HC=humongous(continues), CS=collection set, F=free, A=archive, TAMS=top-at-mark-start (previous, next)
|   0|0x0000000600c00000, 0x0000000600c00000, 0x0000000600e00000|  0%| F|  |TAMS 0x0000000600c00000, 0x0000000600c00000| Untracked 
|   1|0x0000000600e00000, 0x0000000600e00000, 0x0000000601000000|  0%| F|  |TAMS 0x0000000600e00000, 0x0000000600e00000| Untracked 
|   2|0x0000000601000000, 0x0000000601000000, 0x0000000601200000|  0%| F|  |TAMS 0x0000000601000000, 0x0000000601000000| Untracked 
|   3|0x0000000601200000, 0x0000000601200000, 0x0000000601400000|  0%| F|  |TAMS 0x0000000601200000, 0x0000000601200000| Untracked 
|   4|0x0000000601400000, 0x0000000601400000, 0x0000000601600000|  0%| F|  |TAMS 0x0000000601400000, 0x0000000601400000| Untracked 
|   5|0x0000000601600000, 0x0000000601600000, 0x0000000601800000|  0%| F|  |TAMS 0x0000000601600000, 0x0000000601600000| Untracked 
|   6|0x0000000601800000, 0x0000000601800000, 0x0000000601a00000|  0%| F|  |TAMS 0x0000000601800000, 0x0000000601800000| Untracked 
|   7|0x0000000601a00000, 0x0000000601a00000, 0x0000000601c00000|  0%| F|  |TAMS 0x0000000601a00000, 0x0000000601a00000| Untracked 
|   8|0x0000000601c00000, 0x0000000601c00000, 0x0000000601e00000|  0%| F|  |TAMS 0x0000000601c00000, 0x0000000601c00000| Untracked 
|   9|0x0000000601e00000, 0x0000000601e00000, 0x0000000602000000|  0%| F|  |TAMS 0x0000000601e00000, 0x0000000601e00000| Untracked 
|  10|0x0000000602000000, 0x0000000602000000, 0x0000000602200000|  0%| F|  |TAMS 0x0000000602000000, 0x0000000602000000| Untracked 
|  11|0x0000000602200000, 0x0000000602200000, 0x0000000602400000|  0%| F|  |TAMS 0x0000000602200000, 0x0000000602200000| Untracked 
|  12|0x0000000602400000, 0x0000000602400000, 0x0000000602600000|  0%| F|  |TAMS 0x0000000602400000, 0x0000000602400000| Untracked 
|  13|0x0000000602600000, 0x0000000602600000, 0x0000000602800000|  0%| F|  |TAMS 0x0000000602600000, 0x0000000602600000| Untracked 
|  14|0x0000000602800000, 0x0000000602800000, 0x0000000602a00000|  0%| F|  |TAMS 0x0000000602800000, 0x0000000602800000| Untracked 
|  15|0x0000000602a00000, 0x0000000602a00000, 0x0000000602c00000|  0%| F|  |TAMS 0x0000000602a00000, 0x0000000602a00000| Untracked 
|  16|0x0000000602c00000, 0x0000000602c00000, 0x0000000602e00000|  0%| F|  |TAMS 0x0000000602c00000, 0x0000000602c00000| Untracked 
|  17|0x0000000602e00000, 0x0000000602e00000, 0x0000000603000000|  0%| F|  |TAMS 0x0000000602e00000, 0x0000000602e00000| Untracked 
|  18|0x0000000603000000, 0x0000000603000000, 0x0000000603200000|  0%| F|  |TAMS 0x0000000603000000, 0x0000000603000000| Untracked 
|  19|0x0000000603200000, 0x0000000603200000, 0x0000000603400000|  0%| F|  |TAMS 0x0000000603200000, 0x0000000603200000| Untracked 
|  20|0x0000000603400000, 0x0000000603400000, 0x0000000603600000|  0%| F|  |TAMS 0x0000000603400000, 0x0000000603400000| Untracked 
|  21|0x0000000603600000, 0x0000000603600000, 0x0000000603800000|  0%| F|  |TAMS 0x0000000603600000, 0x0000000603600000| Untracked 
|  22|0x0000000603800000, 0x0000000603800000, 0x0000000603a00000|  0%| F|  |TAMS 0x0000000603800000, 0x0000000603800000| Untracked 
|  23|0x0000000603a00000, 0x0000000603a00000, 0x0000000603c00000|  0%| F|  |TAMS 0x0000000603a00000, 0x0000000603a00000| Untracked 
|  24|0x0000000603c00000, 0x0000000603c00000, 0x0000000603e00000|  0%| F|  |TAMS 0x0000000603c00000, 0x0000000603c00000| Untracked 
|  25|0x0000000603e00000, 0x0000000603e00000, 0x0000000604000000|  0%| F|  |TAMS 0x0000000603e00000, 0x0000000603e00000| Untracked 
|  26|0x0000000604000000, 0x0000000604000000, 0x0000000604200000|  0%| F|  |TAMS 0x0000000604000000, 0x0000000604000000| Untracked 
|  27|0x0000000604200000, 0x0000000604200000, 0x0000000604400000|  0%| F|  |TAMS 0x0000000604200000, 0x0000000604200000| Untracked 
|  28|0x0000000604400000, 0x0000000604400000, 0x0000000604600000|  0%| F|  |TAMS 0x0000000604400000, 0x0000000604400000| Untracked 
|  29|0x0000000604600000, 0x0000000604600000, 0x0000000604800000|  0%| F|  |TAMS 0x0000000604600000, 0x0000000604600000| Untracked 
|  30|0x0000000604800000, 0x0000000604800000, 0x0000000604a00000|  0%| F|  |TAMS 0x0000000604800000, 0x0000000604800000| Untracked 
|  31|0x0000000604a00000, 0x0000000604a00000, 0x0000000604c00000|  0%| F|  |TAMS 0x0000000604a00000, 0x0000000604a00000| Untracked 
|  32|0x0000000604c00000, 0x0000000604c00000, 0x0000000604e00000|  0%| F|  |TAMS 0x0000000604c00000, 0x0000000604c00000| Untracked 
|  33|0x0000000604e00000, 0x0000000604e00000, 0x0000000605000000|  0%| F|  |TAMS 0x0000000604e00000, 0x0000000604e00000| Untracked 
|  34|0x0000000605000000, 0x0000000605000000, 0x0000000605200000|  0%| F|  |TAMS 0x0000000605000000, 0x0000000605000000| Untracked 
|  35|0x0000000605200000, 0x0000000605200000, 0x0000000605400000|  0%| F|  |TAMS 0x0000000605200000, 0x0000000605200000| Untracked 
|  36|0x0000000605400000, 0x0000000605400000, 0x0000000605600000|  0%| F|  |TAMS 0x0000000605400000, 0x0000000605400000| Untracked 
|  37|0x0000000605600000, 0x0000000605600000, 0x0000000605800000|  0%| F|  |TAMS 0x0000000605600000, 0x0000000605600000| Untracked 
|  38|0x0000000605800000, 0x0000000605800000, 0x0000000605a00000|  0%| F|  |TAMS 0x0000000605800000, 0x0000000605800000| Untracked 
|  39|0x0000000605a00000, 0x0000000605a00000, 0x0000000605c00000|  0%| F|  |TAMS 0x0000000605a00000, 0x0000000605a00000| Untracked 
|  40|0x0000000605c00000, 0x0000000605c00000, 0x0000000605e00000|  0%| F|  |TAMS 0x0000000605c00000, 0x0000000605c00000| Untracked 
|  41|0x0000000605e00000, 0x0000000605e00000, 0x0000000606000000|  0%| F|  |TAMS 0x0000000605e00000, 0x0000000605e00000| Untracked 
|  42|0x0000000606000000, 0x0000000606000000, 0x0000000606200000|  0%| F|  |TAMS 0x0000000606000000, 0x0000000606000000| Untracked 
|  43|0x0000000606200000, 0x0000000606200000, 0x0000000606400000|  0%| F|  |TAMS 0x0000000606200000, 0x0000000606200000| Untracked 
|  44|0x0000000606400000, 0x0000000606400000, 0x0000000606600000|  0%| F|  |TAMS 0x0000000606400000, 0x0000000606400000| Untracked 
|  45|0x0000000606600000, 0x0000000606600000, 0x0000000606800000|  0%| F|  |TAMS 0x0000000606600000, 0x0000000606600000| Untracked 
|  46|0x0000000606800000, 0x0000000606800000, 0x0000000606a00000|  0%| F|  |TAMS 0x0000000606800000, 0x0000000606800000| Untracked 
|  47|0x0000000606a00000, 0x0000000606a00000, 0x0000000606c00000|  0%| F|  |TAMS 0x0000000606a00000, 0x0000000606a00000| Untracked 
|  48|0x0000000606c00000, 0x0000000606c00000, 0x0000000606e00000|  0%| F|  |TAMS 0x0000000606c00000, 0x0000000606c00000| Untracked 
|  49|0x0000000606e00000, 0x0000000606e00000, 0x0000000607000000|  0%| F|  |TAMS 0x0000000606e00000, 0x0000000606e00000| Untracked 
|  50|0x0000000607000000, 0x0000000607000000, 0x0000000607200000|  0%| F|  |TAMS 0x0000000607000000, 0x0000000607000000| Untracked 
|  51|0x0000000607200000, 0x0000000607200000, 0x0000000607400000|  0%| F|  |TAMS 0x0000000607200000, 0x0000000607200000| Untracked 
|  52|0x0000000607400000, 0x0000000607400000, 0x0000000607600000|  0%| F|  |TAMS 0x0000000607400000, 0x0000000607400000| Untracked 
|  53|0x0000000607600000, 0x0000000607600000, 0x0000000607800000|  0%| F|  |TAMS 0x0000000607600000, 0x0000000607600000| Untracked 
|  54|0x0000000607800000, 0x0000000607800000, 0x0000000607a00000|  0%| F|  |TAMS 0x0000000607800000, 0x0000000607800000| Untracked 
|  55|0x0000000607a00000, 0x0000000607a00000, 0x0000000607c00000|  0%| F|  |TAMS 0x0000000607a00000, 0x0000000607a00000| Untracked 
|  56|0x0000000607c00000, 0x0000000607c00000, 0x0000000607e00000|  0%| F|  |TAMS 0x0000000607c00000, 0x0000000607c00000| Untracked 
|  57|0x0000000607e00000, 0x0000000607e00000, 0x0000000608000000|  0%| F|  |TAMS 0x0000000607e00000, 0x0000000607e00000| Untracked 
|  58|0x0000000608000000, 0x0000000608000000, 0x0000000608200000|  0%| F|  |TAMS 0x0000000608000000, 0x0000000608000000| Untracked 
|  59|0x0000000608200000, 0x0000000608200000, 0x0000000608400000|  0%| F|  |TAMS 0x0000000608200000, 0x0000000608200000| Untracked 
|  60|0x0000000608400000, 0x0000000608400000, 0x0000000608600000|  0%| F|  |TAMS 0x0000000608400000, 0x0000000608400000| Untracked 
|  61|0x0000000608600000, 0x0000000608600000, 0x0000000608800000|  0%| F|  |TAMS 0x0000000608600000, 0x0000000608600000| Untracked 
|  62|0x0000000608800000, 0x0000000608800000, 0x0000000608a00000|  0%| F|  |TAMS 0x0000000608800000, 0x0000000608800000| Untracked 
|  63|0x0000000608a00000, 0x0000000608a00000, 0x0000000608c00000|  0%| F|  |TAMS 0x0000000608a00000, 0x0000000608a00000| Untracked 
|  64|0x0000000608c00000, 0x0000000608c00000, 0x0000000608e00000|  0%| F|  |TAMS 0x0000000608c00000, 0x0000000608c00000| Untracked 
|  65|0x0000000608e00000, 0x0000000608e00000, 0x0000000609000000|  0%| F|  |TAMS 0x0000000608e00000, 0x0000000608e00000| Untracked 
|  66|0x0000000609000000, 0x0000000609000000, 0x0000000609200000|  0%| F|  |TAMS 0x0000000609000000, 0x0000000609000000| Untracked 
|  67|0x0000000609200000, 0x0000000609200000, 0x0000000609400000|  0%| F|  |TAMS 0x0000000609200000, 0x0000000609200000| Untracked 
|  68|0x0000000609400000, 0x0000000609400000, 0x0000000609600000|  0%| F|  |TAMS 0x0000000609400000, 0x0000000609400000| Untracked 
|  69|0x0000000609600000, 0x0000000609600000, 0x0000000609800000|  0%| F|  |TAMS 0x0000000609600000, 0x0000000609600000| Untracked 
|  70|0x0000000609800000, 0x0000000609800000, 0x0000000609a00000|  0%| F|  |TAMS 0x0000000609800000, 0x0000000609800000| Untracked 
|  71|0x0000000609a00000, 0x0000000609a00000, 0x0000000609c00000|  0%| F|  |TAMS 0x0000000609a00000, 0x0000000609a00000| Untracked 
|  72|0x0000000609c00000, 0x0000000609c00000, 0x0000000609e00000|  0%| F|  |TAMS 0x0000000609c00000, 0x0000000609c00000| Untracked 
|  73|0x0000000609e00000, 0x0000000609e00000, 0x000000060a000000|  0%| F|  |TAMS 0x0000000609e00000, 0x0000000609e00000| Untracked 
|  74|0x000000060a000000, 0x000000060a000000, 0x000000060a200000|  0%| F|  |TAMS 0x000000060a000000, 0x000000060a000000| Untracked 
|  75|0x000000060a200000, 0x000000060a200000, 0x000000060a400000|  0%| F|  |TAMS 0x000000060a200000, 0x000000060a200000| Untracked 
|  76|0x000000060a400000, 0x000000060a400000, 0x000000060a600000|  0%| F|  |TAMS 0x000000060a400000, 0x000000060a400000| Untracked 
|  77|0x000000060a600000, 0x000000060a600000, 0x000000060a800000|  0%| F|  |TAMS 0x000000060a600000, 0x000000060a600000| Untracked 
|  78|0x000000060a800000, 0x000000060a800000, 0x000000060aa00000|  0%| F|  |TAMS 0x000000060a800000, 0x000000060a800000| Untracked 
|  79|0x000000060aa00000, 0x000000060aa00000, 0x000000060ac00000|  0%| F|  |TAMS 0x000000060aa00000, 0x000000060aa00000| Untracked 
|  80|0x000000060ac00000, 0x000000060ac00000, 0x000000060ae00000|  0%| F|  |TAMS 0x000000060ac00000, 0x000000060ac00000| Untracked 
|  81|0x000000060ae00000, 0x000000060ae00000, 0x000000060b000000|  0%| F|  |TAMS 0x000000060ae00000, 0x000000060ae00000| Untracked 
|  82|0x000000060b000000, 0x000000060b000000, 0x000000060b200000|  0%| F|  |TAMS 0x000000060b000000, 0x000000060b000000| Untracked 
|  83|0x000000060b200000, 0x000000060b200000, 0x000000060b400000|  0%| F|  |TAMS 0x000000060b200000, 0x000000060b200000| Untracked 
|  84|0x000000060b400000, 0x000000060b400000, 0x000000060b600000|  0%| F|  |TAMS 0x000000060b400000, 0x000000060b400000| Untracked 
|  85|0x000000060b600000, 0x000000060b600000, 0x000000060b800000|  0%| F|  |TAMS 0x000000060b600000, 0x000000060b600000| Untracked 
|  86|0x000000060b800000, 0x000000060b800000, 0x000000060ba00000|  0%| F|  |TAMS 0x000000060b800000, 0x000000060b800000| Untracked 
|  87|0x000000060ba00000, 0x000000060ba00000, 0x000000060bc00000|  0%| F|  |TAMS 0x000000060ba00000, 0x000000060ba00000| Untracked 
|  88|0x000000060bc00000, 0x000000060bc00000, 0x000000060be00000|  0%| F|  |TAMS 0x000000060bc00000, 0x000000060bc00000| Untracked 
|  89|0x000000060be00000, 0x000000060be00000, 0x000000060c000000|  0%| F|  |TAMS 0x000000060be00000, 0x000000060be00000| Untracked 
|  90|0x000000060c000000, 0x000000060c000000, 0x000000060c200000|  0%| F|  |TAMS 0x000000060c000000, 0x000000060c000000| Untracked 
|  91|0x000000060c200000, 0x000000060c200000, 0x000000060c400000|  0%| F|  |TAMS 0x000000060c200000, 0x000000060c200000| Untracked 
|  92|0x000000060c400000, 0x000000060c400000, 0x000000060c600000|  0%| F|  |TAMS 0x000000060c400000, 0x000000060c400000| Untracked 
|  93|0x000000060c600000, 0x000000060c600000, 0x000000060c800000|  0%| F|  |TAMS 0x000000060c600000, 0x000000060c600000| Untracked 
|  94|0x000000060c800000, 0x000000060c800000, 0x000000060ca00000|  0%| F|  |TAMS 0x000000060c800000, 0x000000060c800000| Untracked 
|  95|0x000000060ca00000, 0x000000060ca00000, 0x000000060cc00000|  0%| F|  |TAMS 0x000000060ca00000, 0x000000060ca00000| Untracked 
|  96|0x000000060cc00000, 0x000000060cc00000, 0x000000060ce00000|  0%| F|  |TAMS 0x000000060cc00000, 0x000000060cc00000| Untracked 
|  97|0x000000060ce00000, 0x000000060ce00000, 0x000000060d000000|  0%| F|  |TAMS 0x000000060ce00000, 0x000000060ce00000| Untracked 
|  98|0x000000060d000000, 0x000000060d000000, 0x000000060d200000|  0%| F|  |TAMS 0x000000060d000000, 0x000000060d000000| Untracked 
|  99|0x000000060d200000, 0x000000060d200000, 0x000000060d400000|  0%| F|  |TAMS 0x000000060d200000, 0x000000060d200000| Untracked 
| 100|0x000000060d400000, 0x000000060d400000, 0x000000060d600000|  0%| F|  |TAMS 0x000000060d400000, 0x000000060d400000| Untracked 
| 101|0x000000060d600000, 0x000000060d600000, 0x000000060d800000|  0%| F|  |TAMS 0x000000060d600000, 0x000000060d600000| Untracked 
| 102|0x000000060d800000, 0x000000060d800000, 0x000000060da00000|  0%| F|  |TAMS 0x000000060d800000, 0x000000060d800000| Untracked 
| 103|0x000000060da00000, 0x000000060da00000, 0x000000060dc00000|  0%| F|  |TAMS 0x000000060da00000, 0x000000060da00000| Untracked 
| 104|0x000000060dc00000, 0x000000060dc00000, 0x000000060de00000|  0%| F|  |TAMS 0x000000060dc00000, 0x000000060dc00000| Untracked 
| 105|0x000000060de00000, 0x000000060de00000, 0x000000060e000000|  0%| F|  |TAMS 0x000000060de00000, 0x000000060de00000| Untracked 
| 106|0x000000060e000000, 0x000000060e000000, 0x000000060e200000|  0%| F|  |TAMS 0x000000060e000000, 0x000000060e000000| Untracked 
| 107|0x000000060e200000, 0x000000060e200000, 0x000000060e400000|  0%| F|  |TAMS 0x000000060e200000, 0x000000060e200000| Untracked 
| 108|0x000000060e400000, 0x000000060e400000, 0x000000060e600000|  0%| F|  |TAMS 0x000000060e400000, 0x000000060e400000| Untracked 
| 109|0x000000060e600000, 0x000000060e600000, 0x000000060e800000|  0%| F|  |TAMS 0x000000060e600000, 0x000000060e600000| Untracked 
| 110|0x000000060e800000, 0x000000060e800000, 0x000000060ea00000|  0%| F|  |TAMS 0x000000060e800000, 0x000000060e800000| Untracked 
| 111|0x000000060ea00000, 0x000000060ea00000, 0x000000060ec00000|  0%| F|  |TAMS 0x000000060ea00000, 0x000000060ea00000| Untracked 
| 112|0x000000060ec00000, 0x000000060ec00000, 0x000000060ee00000|  0%| F|  |TAMS 0x000000060ec00000, 0x000000060ec00000| Untracked 
| 113|0x000000060ee00000, 0x000000060ee00000, 0x000000060f000000|  0%| F|  |TAMS 0x000000060ee00000, 0x000000060ee00000| Untracked 
| 114|0x000000060f000000, 0x000000060f000000, 0x000000060f200000|  0%| F|  |TAMS 0x000000060f000000, 0x000000060f000000| Untracked 
| 115|0x000000060f200000, 0x000000060f200000, 0x000000060f400000|  0%| F|  |TAMS 0x000000060f200000, 0x000000060f200000| Untracked 
| 116|0x000000060f400000, 0x000000060f400000, 0x000000060f600000|  0%| F|  |TAMS 0x000000060f400000, 0x000000060f400000| Untracked 
| 117|0x000000060f600000, 0x000000060f600000, 0x000000060f800000|  0%| F|  |TAMS 0x000000060f600000, 0x000000060f600000| Untracked 
| 118|0x000000060f800000, 0x000000060f800000, 0x000000060fa00000|  0%| F|  |TAMS 0x000000060f800000, 0x000000060f800000| Untracked 
| 119|0x000000060fa00000, 0x000000060fa00000, 0x000000060fc00000|  0%| F|  |TAMS 0x000000060fa00000, 0x000000060fa00000| Untracked 
| 120|0x000000060fc00000, 0x000000060fc00000, 0x000000060fe00000|  0%| F|  |TAMS 0x000000060fc00000, 0x000000060fc00000| Untracked 
| 121|0x000000060fe00000, 0x000000060fe00000, 0x0000000610000000|  0%| F|  |TAMS 0x000000060fe00000, 0x000000060fe00000| Untracked 
| 122|0x0000000610000000, 0x0000000610000000, 0x0000000610200000|  0%| F|  |TAMS 0x0000000610000000, 0x0000000610000000| Untracked 
| 123|0x0000000610200000, 0x0000000610200000, 0x0000000610400000|  0%| F|  |TAMS 0x0000000610200000, 0x0000000610200000| Untracked 
| 124|0x0000000610400000, 0x0000000610400000, 0x0000000610600000|  0%| F|  |TAMS 0x0000000610400000, 0x0000000610400000| Untracked 
| 125|0x0000000610600000, 0x0000000610600000, 0x0000000610800000|  0%| F|  |TAMS 0x0000000610600000, 0x0000000610600000| Untracked 
| 126|0x0000000610800000, 0x0000000610800000, 0x0000000610a00000|  0%| F|  |TAMS 0x0000000610800000, 0x0000000610800000| Untracked 
| 127|0x0000000610a00000, 0x0000000610a00000, 0x0000000610c00000|  0%| F|  |TAMS 0x0000000610a00000, 0x0000000610a00000| Untracked 
| 128|0x0000000610c00000, 0x0000000610c00000, 0x0000000610e00000|  0%| F|  |TAMS 0x0000000610c00000, 0x0000000610c00000| Untracked 
| 129|0x0000000610e00000, 0x0000000610e00000, 0x0000000611000000|  0%| F|  |TAMS 0x0000000610e00000, 0x0000000610e00000| Untracked 
| 130|0x0000000611000000, 0x0000000611000000, 0x0000000611200000|  0%| F|  |TAMS 0x0000000611000000, 0x0000000611000000| Untracked 
| 131|0x0000000611200000, 0x0000000611200000, 0x0000000611400000|  0%| F|  |TAMS 0x0000000611200000, 0x0000000611200000| Untracked 
| 132|0x0000000611400000, 0x0000000611400000, 0x0000000611600000|  0%| F|  |TAMS 0x0000000611400000, 0x0000000611400000| Untracked 
| 133|0x0000000611600000, 0x0000000611600000, 0x0000000611800000|  0%| F|  |TAMS 0x0000000611600000, 0x0000000611600000| Untracked 
| 134|0x0000000611800000, 0x0000000611800000, 0x0000000611a00000|  0%| F|  |TAMS 0x0000000611800000, 0x0000000611800000| Untracked 
| 135|0x0000000611a00000, 0x0000000611a00000, 0x0000000611c00000|  0%| F|  |TAMS 0x0000000611a00000, 0x0000000611a00000| Untracked 
| 136|0x0000000611c00000, 0x0000000611c00000, 0x0000000611e00000|  0%| F|  |TAMS 0x0000000611c00000, 0x0000000611c00000| Untracked 
| 137|0x0000000611e00000, 0x0000000611e00000, 0x0000000612000000|  0%| F|  |TAMS 0x0000000611e00000, 0x0000000611e00000| Untracked 
| 138|0x0000000612000000, 0x0000000612000000, 0x0000000612200000|  0%| F|  |TAMS 0x0000000612000000, 0x0000000612000000| Untracked 
| 139|0x0000000612200000, 0x0000000612200000, 0x0000000612400000|  0%| F|  |TAMS 0x0000000612200000, 0x0000000612200000| Untracked 
| 140|0x0000000612400000, 0x0000000612400000, 0x0000000612600000|  0%| F|  |TAMS 0x0000000612400000, 0x0000000612400000| Untracked 
| 141|0x0000000612600000, 0x0000000612600000, 0x0000000612800000|  0%| F|  |TAMS 0x0000000612600000, 0x0000000612600000| Untracked 
| 142|0x0000000612800000, 0x0000000612800000, 0x0000000612a00000|  0%| F|  |TAMS 0x0000000612800000, 0x0000000612800000| Untracked 
| 143|0x0000000612a00000, 0x0000000612a00000, 0x0000000612c00000|  0%| F|  |TAMS 0x0000000612a00000, 0x0000000612a00000| Untracked 
| 144|0x0000000612c00000, 0x0000000612c00000, 0x0000000612e00000|  0%| F|  |TAMS 0x0000000612c00000, 0x0000000612c00000| Untracked 
| 145|0x0000000612e00000, 0x0000000612e00000, 0x0000000613000000|  0%| F|  |TAMS 0x0000000612e00000, 0x0000000612e00000| Untracked 
| 146|0x0000000613000000, 0x0000000613000000, 0x0000000613200000|  0%| F|  |TAMS 0x0000000613000000, 0x0000000613000000| Untracked 
| 147|0x0000000613200000, 0x0000000613200000, 0x0000000613400000|  0%| F|  |TAMS 0x0000000613200000, 0x0000000613200000| Untracked 
| 148|0x0000000613400000, 0x0000000613400000, 0x0000000613600000|  0%| F|  |TAMS 0x0000000613400000, 0x0000000613400000| Untracked 
| 149|0x0000000613600000, 0x0000000613600000, 0x0000000613800000|  0%| F|  |TAMS 0x0000000613600000, 0x0000000613600000| Untracked 
| 150|0x0000000613800000, 0x0000000613800000, 0x0000000613a00000|  0%| F|  |TAMS 0x0000000613800000, 0x0000000613800000| Untracked 
| 151|0x0000000613a00000, 0x0000000613a00000, 0x0000000613c00000|  0%| F|  |TAMS 0x0000000613a00000, 0x0000000613a00000| Untracked 
| 152|0x0000000613c00000, 0x0000000613c00000, 0x0000000613e00000|  0%| F|  |TAMS 0x0000000613c00000, 0x0000000613c00000| Untracked 
| 153|0x0000000613e00000, 0x0000000613e00000, 0x0000000614000000|  0%| F|  |TAMS 0x0000000613e00000, 0x0000000613e00000| Untracked 
| 154|0x0000000614000000, 0x0000000614000000, 0x0000000614200000|  0%| F|  |TAMS 0x0000000614000000, 0x0000000614000000| Untracked 
| 155|0x0000000614200000, 0x0000000614200000, 0x0000000614400000|  0%| F|  |TAMS 0x0000000614200000, 0x0000000614200000| Untracked 
| 156|0x0000000614400000, 0x0000000614400000, 0x0000000614600000|  0%| F|  |TAMS 0x0000000614400000, 0x0000000614400000| Untracked 
| 157|0x0000000614600000, 0x0000000614600000, 0x0000000614800000|  0%| F|  |TAMS 0x0000000614600000, 0x0000000614600000| Untracked 
| 158|0x0000000614800000, 0x0000000614800000, 0x0000000614a00000|  0%| F|  |TAMS 0x0000000614800000, 0x0000000614800000| Untracked 
| 159|0x0000000614a00000, 0x0000000614a00000, 0x0000000614c00000|  0%| F|  |TAMS 0x0000000614a00000, 0x0000000614a00000| Untracked 
| 160|0x0000000614c00000, 0x0000000614c00000, 0x0000000614e00000|  0%| F|  |TAMS 0x0000000614c00000, 0x0000000614c00000| Untracked 
| 161|0x0000000614e00000, 0x0000000614e00000, 0x0000000615000000|  0%| F|  |TAMS 0x0000000614e00000, 0x0000000614e00000| Untracked 
| 162|0x0000000615000000, 0x0000000615000000, 0x0000000615200000|  0%| F|  |TAMS 0x0000000615000000, 0x0000000615000000| Untracked 
| 163|0x0000000615200000, 0x0000000615200000, 0x0000000615400000|  0%| F|  |TAMS 0x0000000615200000, 0x0000000615200000| Untracked 
| 164|0x0000000615400000, 0x0000000615400000, 0x0000000615600000|  0%| F|  |TAMS 0x0000000615400000, 0x0000000615400000| Untracked 
| 165|0x0000000615600000, 0x0000000615600000, 0x0000000615800000|  0%| F|  |TAMS 0x0000000615600000, 0x0000000615600000| Untracked 
| 166|0x0000000615800000, 0x0000000615800000, 0x0000000615a00000|  0%| F|  |TAMS 0x0000000615800000, 0x0000000615800000| Untracked 
| 167|0x0000000615a00000, 0x0000000615a00000, 0x0000000615c00000|  0%| F|  |TAMS 0x0000000615a00000, 0x0000000615a00000| Untracked 
| 168|0x0000000615c00000, 0x0000000615c00000, 0x0000000615e00000|  0%| F|  |TAMS 0x0000000615c00000, 0x0000000615c00000| Untracked 
| 169|0x0000000615e00000, 0x0000000615e00000, 0x0000000616000000|  0%| F|  |TAMS 0x0000000615e00000, 0x0000000615e00000| Untracked 
| 170|0x0000000616000000, 0x0000000616000000, 0x0000000616200000|  0%| F|  |TAMS 0x0000000616000000, 0x0000000616000000| Untracked 
| 171|0x0000000616200000, 0x0000000616200000, 0x0000000616400000|  0%| F|  |TAMS 0x0000000616200000, 0x0000000616200000| Untracked 
| 172|0x0000000616400000, 0x0000000616400000, 0x0000000616600000|  0%| F|  |TAMS 0x0000000616400000, 0x0000000616400000| Untracked 
| 173|0x0000000616600000, 0x0000000616600000, 0x0000000616800000|  0%| F|  |TAMS 0x0000000616600000, 0x0000000616600000| Untracked 
| 174|0x0000000616800000, 0x0000000616800000, 0x0000000616a00000|  0%| F|  |TAMS 0x0000000616800000, 0x0000000616800000| Untracked 
| 175|0x0000000616a00000, 0x0000000616a00000, 0x0000000616c00000|  0%| F|  |TAMS 0x0000000616a00000, 0x0000000616a00000| Untracked 
| 176|0x0000000616c00000, 0x0000000616c00000, 0x0000000616e00000|  0%| F|  |TAMS 0x0000000616c00000, 0x0000000616c00000| Untracked 
| 177|0x0000000616e00000, 0x0000000616e00000, 0x0000000617000000|  0%| F|  |TAMS 0x0000000616e00000, 0x0000000616e00000| Untracked 
| 178|0x0000000617000000, 0x0000000617000000, 0x0000000617200000|  0%| F|  |TAMS 0x0000000617000000, 0x0000000617000000| Untracked 
| 179|0x0000000617200000, 0x0000000617200000, 0x0000000617400000|  0%| F|  |TAMS 0x0000000617200000, 0x0000000617200000| Untracked 
| 180|0x0000000617400000, 0x0000000617400000, 0x0000000617600000|  0%| F|  |TAMS 0x0000000617400000, 0x0000000617400000| Untracked 
| 181|0x0000000617600000, 0x0000000617600000, 0x0000000617800000|  0%| F|  |TAMS 0x0000000617600000, 0x0000000617600000| Untracked 
| 182|0x0000000617800000, 0x0000000617800000, 0x0000000617a00000|  0%| F|  |TAMS 0x0000000617800000, 0x0000000617800000| Untracked 
| 183|0x0000000617a00000, 0x0000000617a00000, 0x0000000617c00000|  0%| F|  |TAMS 0x0000000617a00000, 0x0000000617a00000| Untracked 
| 184|0x0000000617c00000, 0x0000000617c00000, 0x0000000617e00000|  0%| F|  |TAMS 0x0000000617c00000, 0x0000000617c00000| Untracked 
| 185|0x0000000617e00000, 0x0000000617e00000, 0x0000000618000000|  0%| F|  |TAMS 0x0000000617e00000, 0x0000000617e00000| Untracked 
| 186|0x0000000618000000, 0x0000000618000000, 0x0000000618200000|  0%| F|  |TAMS 0x0000000618000000, 0x0000000618000000| Untracked 
| 187|0x0000000618200000, 0x0000000618200000, 0x0000000618400000|  0%| F|  |TAMS 0x0000000618200000, 0x0000000618200000| Untracked 
| 188|0x0000000618400000, 0x0000000618400000, 0x0000000618600000|  0%| F|  |TAMS 0x0000000618400000, 0x0000000618400000| Untracked 
| 189|0x0000000618600000, 0x0000000618600000, 0x0000000618800000|  0%| F|  |TAMS 0x0000000618600000, 0x0000000618600000| Untracked 
| 190|0x0000000618800000, 0x0000000618800000, 0x0000000618a00000|  0%| F|  |TAMS 0x0000000618800000, 0x0000000618800000| Untracked 
| 191|0x0000000618a00000, 0x0000000618a00000, 0x0000000618c00000|  0%| F|  |TAMS 0x0000000618a00000, 0x0000000618a00000| Untracked 
| 192|0x0000000618c00000, 0x0000000618c00000, 0x0000000618e00000|  0%| F|  |TAMS 0x0000000618c00000, 0x0000000618c00000| Untracked 
| 193|0x0000000618e00000, 0x0000000618e00000, 0x0000000619000000|  0%| F|  |TAMS 0x0000000618e00000, 0x0000000618e00000| Untracked 
| 194|0x0000000619000000, 0x0000000619000000, 0x0000000619200000|  0%| F|  |TAMS 0x0000000619000000, 0x0000000619000000| Untracked 
| 195|0x0000000619200000, 0x0000000619200000, 0x0000000619400000|  0%| F|  |TAMS 0x0000000619200000, 0x0000000619200000| Untracked 
| 196|0x0000000619400000, 0x0000000619400000, 0x0000000619600000|  0%| F|  |TAMS 0x0000000619400000, 0x0000000619400000| Untracked 
| 197|0x0000000619600000, 0x0000000619600000, 0x0000000619800000|  0%| F|  |TAMS 0x0000000619600000, 0x0000000619600000| Untracked 
| 198|0x0000000619800000, 0x0000000619800000, 0x0000000619a00000|  0%| F|  |TAMS 0x0000000619800000, 0x0000000619800000| Untracked 
| 199|0x0000000619a00000, 0x0000000619a00000, 0x0000000619c00000|  0%| F|  |TAMS 0x0000000619a00000, 0x0000000619a00000| Untracked 
| 200|0x0000000619c00000, 0x0000000619c00000, 0x0000000619e00000|  0%| F|  |TAMS 0x0000000619c00000, 0x0000000619c00000| Untracked 
| 201|0x0000000619e00000, 0x0000000619e00000, 0x000000061a000000|  0%| F|  |TAMS 0x0000000619e00000, 0x0000000619e00000| Untracked 
| 202|0x000000061a000000, 0x000000061a000000, 0x000000061a200000|  0%| F|  |TAMS 0x000000061a000000, 0x000000061a000000| Untracked 
| 203|0x000000061a200000, 0x000000061a200000, 0x000000061a400000|  0%| F|  |TAMS 0x000000061a200000, 0x000000061a200000| Untracked 
| 204|0x000000061a400000, 0x000000061a400000, 0x000000061a600000|  0%| F|  |TAMS 0x000000061a400000, 0x000000061a400000| Untracked 
| 205|0x000000061a600000, 0x000000061a600000, 0x000000061a800000|  0%| F|  |TAMS 0x000000061a600000, 0x000000061a600000| Untracked 
| 206|0x000000061a800000, 0x000000061a800000, 0x000000061aa00000|  0%| F|  |TAMS 0x000000061a800000, 0x000000061a800000| Untracked 
| 207|0x000000061aa00000, 0x000000061aa00000, 0x000000061ac00000|  0%| F|  |TAMS 0x000000061aa00000, 0x000000061aa00000| Untracked 
| 208|0x000000061ac00000, 0x000000061ac00000, 0x000000061ae00000|  0%| F|  |TAMS 0x000000061ac00000, 0x000000061ac00000| Untracked 
| 209|0x000000061ae00000, 0x000000061ae00000, 0x000000061b000000|  0%| F|  |TAMS 0x000000061ae00000, 0x000000061ae00000| Untracked 
| 210|0x000000061b000000, 0x000000061b000000, 0x000000061b200000|  0%| F|  |TAMS 0x000000061b000000, 0x000000061b000000| Untracked 
| 211|0x000000061b200000, 0x000000061b200000, 0x000000061b400000|  0%| F|  |TAMS 0x000000061b200000, 0x000000061b200000| Untracked 
| 212|0x000000061b400000, 0x000000061b400000, 0x000000061b600000|  0%| F|  |TAMS 0x000000061b400000, 0x000000061b400000| Untracked 
| 213|0x000000061b600000, 0x000000061b600000, 0x000000061b800000|  0%| F|  |TAMS 0x000000061b600000, 0x000000061b600000| Untracked 
| 214|0x000000061b800000, 0x000000061b800000, 0x000000061ba00000|  0%| F|  |TAMS 0x000000061b800000, 0x000000061b800000| Untracked 
| 215|0x000000061ba00000, 0x000000061ba00000, 0x000000061bc00000|  0%| F|  |TAMS 0x000000061ba00000, 0x000000061ba00000| Untracked 
| 216|0x000000061bc00000, 0x000000061bc00000, 0x000000061be00000|  0%| F|  |TAMS 0x000000061bc00000, 0x000000061bc00000| Untracked 
| 217|0x000000061be00000, 0x000000061be00000, 0x000000061c000000|  0%| F|  |TAMS 0x000000061be00000, 0x000000061be00000| Untracked 
| 218|0x000000061c000000, 0x000000061c000000, 0x000000061c200000|  0%| F|  |TAMS 0x000000061c000000, 0x000000061c000000| Untracked 
| 219|0x000000061c200000, 0x000000061c200000, 0x000000061c400000|  0%| F|  |TAMS 0x000000061c200000, 0x000000061c200000| Untracked 
| 220|0x000000061c400000, 0x000000061c400000, 0x000000061c600000|  0%| F|  |TAMS 0x000000061c400000, 0x000000061c400000| Untracked 
| 221|0x000000061c600000, 0x000000061c600000, 0x000000061c800000|  0%| F|  |TAMS 0x000000061c600000, 0x000000061c600000| Untracked 
| 222|0x000000061c800000, 0x000000061c800000, 0x000000061ca00000|  0%| F|  |TAMS 0x000000061c800000, 0x000000061c800000| Untracked 
| 223|0x000000061ca00000, 0x000000061ca00000, 0x000000061cc00000|  0%| F|  |TAMS 0x000000061ca00000, 0x000000061ca00000| Untracked 
| 224|0x000000061cc00000, 0x000000061cc00000, 0x000000061ce00000|  0%| F|  |TAMS 0x000000061cc00000, 0x000000061cc00000| Untracked 
| 225|0x000000061ce00000, 0x000000061ce00000, 0x000000061d000000|  0%| F|  |TAMS 0x000000061ce00000, 0x000000061ce00000| Untracked 
| 226|0x000000061d000000, 0x000000061d000000, 0x000000061d200000|  0%| F|  |TAMS 0x000000061d000000, 0x000000061d000000| Untracked 
| 227|0x000000061d200000, 0x000000061d200000, 0x000000061d400000|  0%| F|  |TAMS 0x000000061d200000, 0x000000061d200000| Untracked 
| 228|0x000000061d400000, 0x000000061d400000, 0x000000061d600000|  0%| F|  |TAMS 0x000000061d400000, 0x000000061d400000| Untracked 
| 229|0x000000061d600000, 0x000000061d600000, 0x000000061d800000|  0%| F|  |TAMS 0x000000061d600000, 0x000000061d600000| Untracked 
| 230|0x000000061d800000, 0x000000061d800000, 0x000000061da00000|  0%| F|  |TAMS 0x000000061d800000, 0x000000061d800000| Untracked 
| 231|0x000000061da00000, 0x000000061da00000, 0x000000061dc00000|  0%| F|  |TAMS 0x000000061da00000, 0x000000061da00000| Untracked 
| 232|0x000000061dc00000, 0x000000061dc00000, 0x000000061de00000|  0%| F|  |TAMS 0x000000061dc00000, 0x000000061dc00000| Untracked 
| 233|0x000000061de00000, 0x000000061de00000, 0x000000061e000000|  0%| F|  |TAMS 0x000000061de00000, 0x000000061de00000| Untracked 
| 234|0x000000061e000000, 0x000000061e000000, 0x000000061e200000|  0%| F|  |TAMS 0x000000061e000000, 0x000000061e000000| Untracked 
| 235|0x000000061e200000, 0x000000061e200000, 0x000000061e400000|  0%| F|  |TAMS 0x000000061e200000, 0x000000061e200000| Untracked 
| 236|0x000000061e400000, 0x000000061e400000, 0x000000061e600000|  0%| F|  |TAMS 0x000000061e400000, 0x000000061e400000| Untracked 
| 237|0x000000061e600000, 0x000000061e600000, 0x000000061e800000|  0%| F|  |TAMS 0x000000061e600000, 0x000000061e600000| Untracked 
| 238|0x000000061e800000, 0x000000061e800000, 0x000000061ea00000|  0%| F|  |TAMS 0x000000061e800000, 0x000000061e800000| Untracked 
| 239|0x000000061ea00000, 0x000000061ea00000, 0x000000061ec00000|  0%| F|  |TAMS 0x000000061ea00000, 0x000000061ea00000| Untracked 
| 240|0x000000061ec00000, 0x000000061ec00000, 0x000000061ee00000|  0%| F|  |TAMS 0x000000061ec00000, 0x000000061ec00000| Untracked 
| 241|0x000000061ee00000, 0x000000061ee00000, 0x000000061f000000|  0%| F|  |TAMS 0x000000061ee00000, 0x000000061ee00000| Untracked 
| 242|0x000000061f000000, 0x000000061f000000, 0x000000061f200000|  0%| F|  |TAMS 0x000000061f000000, 0x000000061f000000| Untracked 
| 243|0x000000061f200000, 0x000000061f200000, 0x000000061f400000|  0%| F|  |TAMS 0x000000061f200000, 0x000000061f200000| Untracked 
| 244|0x000000061f400000, 0x000000061f400000, 0x000000061f600000|  0%| F|  |TAMS 0x000000061f400000, 0x000000061f400000| Untracked 
| 245|0x000000061f600000, 0x000000061f600000, 0x000000061f800000|  0%| F|  |TAMS 0x000000061f600000, 0x000000061f600000| Untracked 
| 246|0x000000061f800000, 0x000000061f800000, 0x000000061fa00000|  0%| F|  |TAMS 0x000000061f800000, 0x000000061f800000| Untracked 
| 247|0x000000061fa00000, 0x000000061fa00000, 0x000000061fc00000|  0%| F|  |TAMS 0x000000061fa00000, 0x000000061fa00000| Untracked 
| 248|0x000000061fc00000, 0x000000061fc00000, 0x000000061fe00000|  0%| F|  |TAMS 0x000000061fc00000, 0x000000061fc00000| Untracked 
| 249|0x000000061fe00000, 0x000000061fe00000, 0x0000000620000000|  0%| F|  |TAMS 0x000000061fe00000, 0x000000061fe00000| Untracked 
| 250|0x0000000620000000, 0x0000000620000000, 0x0000000620200000|  0%| F|  |TAMS 0x0000000620000000, 0x0000000620000000| Untracked 
| 251|0x0000000620200000, 0x0000000620200000, 0x0000000620400000|  0%| F|  |TAMS 0x0000000620200000, 0x0000000620200000| Untracked 
| 252|0x0000000620400000, 0x0000000620400000, 0x0000000620600000|  0%| F|  |TAMS 0x0000000620400000, 0x0000000620400000| Untracked 
| 253|0x0000000620600000, 0x0000000620600000, 0x0000000620800000|  0%| F|  |TAMS 0x0000000620600000, 0x0000000620600000| Untracked 
| 254|0x0000000620800000, 0x0000000620971838, 0x0000000620a00000| 72%| E|  |TAMS 0x0000000620800000, 0x0000000620800000| Complete 
| 255|0x0000000620a00000, 0x0000000620c00000, 0x0000000620c00000|100%| E|CS|TAMS 0x0000000620a00000, 0x0000000620a00000| Complete 

Card table byte_map: [0x000001f253e40000,0x000001f254e40000] _byte_map_base: 0x000001f250e3a000

Marking Bits (Prev, Next): (CMBitMap*) 0x000001f233546f48, (CMBitMap*) 0x000001f233546f80
 Prev Bits: [0x000001f255e40000, 0x000001f25de10000)
 Next Bits: [0x000001f25de10000, 0x000001f265de0000)

Polling page: 0x000001f23ddc0000

Metaspace:

Usage:
  Non-class:      4.03 MB capacity,   408.13 KB ( 10%) used,     3.63 MB ( 90%) free+waste,     1.81 KB ( <1%) overhead. 
      Class:    399.00 KB capacity,    39.64 KB ( 10%) used,   358.42 KB ( 90%) free+waste,   960 bytes ( <1%) overhead. 
       Both:      4.42 MB capacity,   447.77 KB ( 10%) used,     3.98 MB ( 90%) free+waste,     2.75 KB ( <1%) overhead. 

Virtual space:
  Non-class space:        8.00 MB reserved,       4.25 MB ( 53%) committed 
      Class space:        1.00 GB reserved,     512.00 KB ( <1%) committed 
             Both:        1.01 GB reserved,       4.75 MB ( <1%) committed 

Chunk freelists:
   Non-Class:  2.00 KB
       Class:  1.00 KB
        Both:  3.00 KB

MaxMetaspaceSize: 17179869184.00 GB
CompressedClassSpaceSize: 1.00 GB
Initial GC threshold: 20.80 MB
Current GC threshold: 20.80 MB
CDS: on

CodeHeap 'non-profiled nmethods': size=160128Kb used=49Kb max_used=49Kb free=160078Kb
 bounds [0x000001f248180000, 0x000001f249180000, 0x000001f251de0000]
CodeHeap 'profiled nmethods': size=160128Kb used=293Kb max_used=293Kb free=159834Kb
 bounds [0x000001f23e520000, 0x000001f23f520000, 0x000001f248180000]
CodeHeap 'non-nmethods': size=7424Kb used=1612Kb max_used=1613Kb free=5811Kb
 bounds [0x000001f23dde0000, 0x000001f23e520000, 0x000001f23e520000]
 total_blobs=467 nmethods=194 adapters=199
 compilation: enabled
              stopped_count=0, restarted_count=0
 full_count=0

JVMCI Events (6 events):
Event: 0.019 Thread 0x000001f2333ae000 created new JVMCI runtime 0 (0x000001f268f70a20)
Event: 0.019 Thread 0x000001f2333ae000 created new JVMCI runtime -1 (0x000001f268f70960)
Event: 0.065 Thread 0x000001f26909d000 loaded JVMCI shared library from C:\java\graalvm-ce-java11-22.0.0.2\bin\jvmcicompiler.dll
Event: 0.068 Thread 0x000001f26909d000 created JavaVM[1]@0x000001f26a7df838 for JVMCI runtime 0
Event: 0.068 Thread 0x000001f26909d000 initializing JVMCI runtime 0
Event: 0.069 Thread 0x000001f26909d000 initialized JVMCI runtime 0

Compilation events (20 events):
Event: 0.060 Thread 0x000001f2691c7000 nmethod 180 0x000001f24818ac10 code [0x000001f24818ada0, 0x000001f24818ae78]
Event: 0.062 Thread 0x000001f26909e800  181       3       java.lang.StringBuilder::append (8 bytes)
Event: 0.062 Thread 0x000001f2691c7000  182       3       java.lang.AbstractStringBuilder::append (77 bytes)
Event: 0.062 Thread 0x000001f26909e800 nmethod 181 0x000001f23e561990 code [0x000001f23e561b40, 0x000001f23e561ca8]
Event: 0.062 Thread 0x000001f2691c7000 nmethod 182 0x000001f23e561d90 code [0x000001f23e561fa0, 0x000001f23e562648]
Event: 0.063 Thread 0x000001f26909d000  183       4       java.lang.String::charAt (25 bytes)
Event: 0.063 Thread 0x000001f26909e800  184       3       java.lang.StringLatin1::lastIndexOf (40 bytes)
Event: 0.064 Thread 0x000001f26909e800 nmethod 184 0x000001f23e562890 code [0x000001f23e562a60, 0x000001f23e562e18]
Event: 0.068 Thread 0x000001f2691c7000  186       3       java.lang.StringLatin1::replace (196 bytes)
Event: 0.069 Thread 0x000001f26909e800  187       3       java.util.KeyValueHolder::<init> (21 bytes)
Event: 0.069 Thread 0x000001f2691c7000 nmethod 186 0x000001f23e562f90 code [0x000001f23e5631e0, 0x000001f23e563e78]
Event: 0.069 Thread 0x000001f26909e800 nmethod 187 0x000001f23e564310 code [0x000001f23e564500, 0x000001f23e564a18]
Event: 0.069 Thread 0x000001f2691c7000  188       3       java.io.DataOutputStream::writeUTF (435 bytes)
Event: 0.071 Thread 0x000001f2691c7000 nmethod 188 0x000001f23e564c10 code [0x000001f23e565080, 0x000001f23e567dd8]
Event: 0.072 Thread 0x000001f26909e800  189       3       java.lang.System::getSecurityManager (4 bytes)
Event: 0.072 Thread 0x000001f26909e800 nmethod 189 0x000001f23e568c10 code [0x000001f23e568da0, 0x000001f23e568e98]
Event: 0.073 Thread 0x000001f2691c7000  191       3       jdk.internal.misc.Unsafe::putObjectRelease (9 bytes)
Event: 0.073 Thread 0x000001f26909e800  193       3       java.util.concurrent.ConcurrentHashMap::setTabAt (20 bytes)
Event: 0.073 Thread 0x000001f2691c7000 nmethod 191 0x000001f23e568f10 code [0x000001f23e5690a0, 0x000001f23e569218]
Event: 0.073 Thread 0x000001f26909e800 nmethod 193 0x000001f23e569290 code [0x000001f23e569440, 0x000001f23e5695f8]

GC Heap History (0 events):
No events

Deoptimization events (0 events):
No events

Classes redefined (0 events):
No events

Internal exceptions (1 events):
Event: 0.074 Thread 0x000001f2333ae000 Exception <a 'java/lang/NoSuchMethodError'{0x000000062087aae0}: onKeyExchange> (0x000000062087aae0) thrown at [./src/hotspot/share/prims/jni.cpp, line 1331]

Events (20 events):
Event: 0.063 loading class java/lang/ClassLoaderHelper done
Event: 0.065 Loaded shared library C:\java\graalvm-ce-java11-22.0.0.2\bin\jvmcicompiler.dll
Event: 0.068 Loaded shared library F:\home\desktop\workspaces\RUST\rust-jni-openssl\java\rustjniopenssl.dll
Event: 0.068 loading class io/winty/sec/Keys
Event: 0.068 loading class io/winty/sec/Keys done
Event: 0.068 loading class jdk/vm/ci/services/Services
Event: 0.068 loading class jdk/vm/ci/services/Services done
Event: 0.069 loading class java/io/DataOutputStream
Event: 0.069 loading class java/io/DataOutputStream done
Event: 0.072 Executing VM operation: RevokeBias
Event: 0.072 Executing VM operation: RevokeBias done
Event: 0.072 Thread 0x000001f2692c3800 Thread added: 0x000001f2692c3800
Event: 0.072 loading class java/lang/ArrayIndexOutOfBoundsException
Event: 0.072 loading class java/lang/IndexOutOfBoundsException
Event: 0.072 loading class java/lang/IndexOutOfBoundsException done
Event: 0.072 loading class java/lang/ArrayIndexOutOfBoundsException done
Event: 0.072 loading class java/lang/NegativeArraySizeException
Event: 0.072 loading class java/lang/NegativeArraySizeException done
Event: 0.073 loading class java/lang/Short$ShortCache
Event: 0.073 loading class java/lang/Short$ShortCache done


Dynamic libraries:
0x00007ff6c2790000 - 0x00007ff6c279d000 	C:\java\graalvm-ce-java11-22.0.0.2\bin\java.exe
0x00007ff84cf70000 - 0x00007ff84d184000 	C:\WINDOWS\SYSTEM32\ntdll.dll
0x00007ff84c8a0000 - 0x00007ff84c963000 	C:\WINDOWS\System32\KERNEL32.DLL
0x00007ff84a5f0000 - 0x00007ff84a98c000 	C:\WINDOWS\System32\KERNELBASE.dll
0x00007ff84aa80000 - 0x00007ff84ab91000 	C:\WINDOWS\System32\ucrtbase.dll
0x00007ff846750000 - 0x00007ff846765000 	C:\java\graalvm-ce-java11-22.0.0.2\bin\VCRUNTIME140.dll
0x00007ff846730000 - 0x00007ff846747000 	C:\java\graalvm-ce-java11-22.0.0.2\bin\jli.dll
0x00007ff84c5f0000 - 0x00007ff84c79d000 	C:\WINDOWS\System32\USER32.dll
0x00007ff84aa50000 - 0x00007ff84aa76000 	C:\WINDOWS\System32\win32u.dll
0x00007ff835d70000 - 0x00007ff835ffe000 	C:\WINDOWS\WinSxS\amd64_microsoft.windows.common-controls_6595b64144ccf1df_6.0.22621.608_none_a9444ca7c10bb01d\COMCTL32.dll
0x00007ff84c270000 - 0x00007ff84c299000 	C:\WINDOWS\System32\GDI32.dll
0x00007ff84bde0000 - 0x00007ff84be87000 	C:\WINDOWS\System32\msvcrt.dll
0x00007ff84a4d0000 - 0x00007ff84a5e3000 	C:\WINDOWS\System32\gdi32full.dll
0x00007ff84a3b0000 - 0x00007ff84a44a000 	C:\WINDOWS\System32\msvcp_win.dll
0x00007ff84bcc0000 - 0x00007ff84bcf1000 	C:\WINDOWS\System32\IMM32.DLL
0x00007ff813f80000 - 0x00007ff81401b000 	C:\java\graalvm-ce-java11-22.0.0.2\bin\msvcp140.dll
0x00007fff59380000 - 0x00007fff59ebb000 	C:\java\graalvm-ce-java11-22.0.0.2\bin\server\jvm.dll
0x00007ff84c350000 - 0x00007ff84c3fe000 	C:\WINDOWS\System32\ADVAPI32.dll
0x00007ff84bef0000 - 0x00007ff84bf94000 	C:\WINDOWS\System32\sechost.dll
0x00007ff84c400000 - 0x00007ff84c515000 	C:\WINDOWS\System32\RPCRT4.dll
0x00007ff84ca90000 - 0x00007ff84ca98000 	C:\WINDOWS\System32\PSAPI.DLL
0x00007fffdf200000 - 0x00007fffdf209000 	C:\WINDOWS\SYSTEM32\WSOCK32.dll
0x00007ff843450000 - 0x00007ff843484000 	C:\WINDOWS\SYSTEM32\WINMM.dll
0x00007ff8405f0000 - 0x00007ff8405fa000 	C:\WINDOWS\SYSTEM32\VERSION.dll
0x00007ff84bd50000 - 0x00007ff84bdc1000 	C:\WINDOWS\System32\WS2_32.dll
0x00007ff8493c0000 - 0x00007ff8493d8000 	C:\WINDOWS\SYSTEM32\kernel.appcore.dll
0x00007ff846f30000 - 0x00007ff846f40000 	C:\java\graalvm-ce-java11-22.0.0.2\bin\verify.dll
0x00007ff847e30000 - 0x00007ff84805e000 	C:\WINDOWS\SYSTEM32\DBGHELP.DLL
0x00007ff84b850000 - 0x00007ff84bbd9000 	C:\WINDOWS\System32\combase.dll
0x00007ff84b770000 - 0x00007ff84b847000 	C:\WINDOWS\System32\OLEAUT32.dll
0x00007ff836440000 - 0x00007ff836472000 	C:\WINDOWS\SYSTEM32\dbgcore.DLL
0x00007ff84a450000 - 0x00007ff84a4cb000 	C:\WINDOWS\System32\bcryptPrimitives.dll
0x00007ff846700000 - 0x00007ff846728000 	C:\java\graalvm-ce-java11-22.0.0.2\bin\java.dll
0x00007ff8467a0000 - 0x00007ff8467aa000 	C:\java\graalvm-ce-java11-22.0.0.2\bin\jimage.dll
0x00007ff838ce0000 - 0x00007ff838cf8000 	C:\java\graalvm-ce-java11-22.0.0.2\bin\zip.dll
0x00007ff84ad80000 - 0x00007ff84b570000 	C:\WINDOWS\System32\SHELL32.dll
0x00007ff848370000 - 0x00007ff848c3e000 	C:\WINDOWS\SYSTEM32\windows.storage.dll
0x00007ff848230000 - 0x00007ff84836e000 	C:\WINDOWS\SYSTEM32\wintypes.dll
0x00007ff84c7a0000 - 0x00007ff84c891000 	C:\WINDOWS\System32\SHCORE.dll
0x00007ff84be90000 - 0x00007ff84beee000 	C:\WINDOWS\System32\shlwapi.dll
0x00007ff84a2e0000 - 0x00007ff84a301000 	C:\WINDOWS\SYSTEM32\profapi.dll
0x00007fff57550000 - 0x00007fff5937b000 	C:\java\graalvm-ce-java11-22.0.0.2\bin\jvmcicompiler.dll
0x00007ff849820000 - 0x00007ff849889000 	C:\WINDOWS\SYSTEM32\MSWSOCK.dll
0x00007ff848ed0000 - 0x00007ff848efd000 	C:\WINDOWS\SYSTEM32\IPHLPAPI.DLL
0x00007ff8498c0000 - 0x00007ff8498e8000 	C:\WINDOWS\SYSTEM32\USERENV.dll
0x00007fffeec60000 - 0x00007fffeef82000 	F:\home\desktop\workspaces\RUST\rust-jni-openssl\java\rustjniopenssl.dll
0x00007ff849d10000 - 0x00007ff849d38000 	C:\WINDOWS\SYSTEM32\bcrypt.dll
0x00007ff807900000 - 0x00007ff8079c3000 	C:\Program Files\OpenSSL3-Win64\bin\libssl-3-x64.dll
0x00007fff5ea50000 - 0x00007fff5ef41000 	C:\Program Files\OpenSSL3-Win64\bin\libcrypto-3-x64.dll
0x00007ff849b40000 - 0x00007ff849b5b000 	C:\WINDOWS\SYSTEM32\CRYPTSP.dll
0x00007ff849330000 - 0x00007ff849365000 	C:\WINDOWS\system32\rsaenh.dll
0x00007ff849b20000 - 0x00007ff849b2c000 	C:\WINDOWS\SYSTEM32\CRYPTBASE.dll

dbghelp: loaded successfully - version: 4.0.5 - missing functions: none
symbol engine: initialized successfully - sym options: 0x614 - pdb path: .;C:\java\graalvm-ce-java11-22.0.0.2\bin;C:\WINDOWS\SYSTEM32;C:\WINDOWS\WinSxS\amd64_microsoft.windows.common-controls_6595b64144ccf1df_6.0.22621.608_none_a9444ca7c10bb01d;C:\java\graalvm-ce-java11-22.0.0.2\bin\server;F:\home\desktop\workspaces\RUST\rust-jni-openssl\java;C:\Program Files\OpenSSL3-Win64\bin

VM Arguments:
jvm_args: -XX:ThreadPriorityPolicy=1 -XX:+UnlockExperimentalVMOptions -XX:+EnableJVMCIProduct -XX:-UnlockExperimentalVMOptions 
java_command: io.winty.sec.Keyexchange
java_class_path (initial): F:\home\desktop\workspaces\RUST\rust-jni-openssl\java\target\classes
Launcher Type: SUN_STANDARD

[Global flags]
     intx CICompilerCount                          = 12                                        {product} {ergonomic}
     uint ConcGCThreads                            = 3                                         {product} {ergonomic}
     bool EnableJVMCIProduct                       = true                                {JVMCI product} {jimage}
     uint G1ConcRefinementThreads                  = 13                                        {product} {ergonomic}
   size_t G1HeapRegionSize                         = 2097152                                   {product} {ergonomic}
    uintx GCDrainStackTargetSize                   = 64                                        {product} {ergonomic}
   size_t InitialHeapSize                          = 536870912                                 {product} {ergonomic}
   size_t MarkStackSize                            = 4194304                                   {product} {ergonomic}
   size_t MaxHeapSize                              = 8577351680                                {product} {ergonomic}
   size_t MaxNewSize                               = 5146411008                                {product} {ergonomic}
   size_t MinHeapDeltaBytes                        = 2097152                                   {product} {ergonomic}
    uintx NonNMethodCodeHeapSize                   = 7594288                                {pd product} {ergonomic}
    uintx NonProfiledCodeHeapSize                  = 163975016                              {pd product} {ergonomic}
    uintx ProfiledCodeHeapSize                     = 163975016                              {pd product} {ergonomic}
    uintx ReservedCodeCacheSize                    = 335544320                              {pd product} {ergonomic}
     bool SegmentedCodeCache                       = true                                      {product} {ergonomic}
     intx ThreadPriorityPolicy                     = 1                                         {product} {jimage}
     bool UseCompressedClassPointers               = true                                 {lp64_product} {ergonomic}
     bool UseCompressedOops                        = true                                 {lp64_product} {ergonomic}
     bool UseG1GC                                  = true                                      {product} {ergonomic}
     bool UseLargePagesIndividualAllocation        = false                                  {pd product} {ergonomic}

Logging:
Log output configuration:
 #0: stdout all=warning uptime,level,tags
 #1: stderr all=off uptime,level,tags

Environment Variables:
JAVA_HOME=C:\java\graalvm-ce-java11-22.0.0.2
PATH=C:\Users\Winter\.oh-my-posh;C:\Users\Winter\.oh-my-posh;C:\Program Files (x86)\Microsoft SDKs\Azure\CLI2\wbin;C:\Program Files\Oculus\Support\oculus-runtime;C:\Python310\Scripts\;C:\Python310\;C:\WINDOWS\system32;C:\WINDOWS;C:\WINDOWS\System32\Wbem;C:\WINDOWS\System32\WindowsPowerShell\v1.0\;C:\WINDOWS\System32\OpenSSH\;C:\Program Files\nodejs\;C:\ProgramData\chocolatey\bin;C:\Program Files\VSCodium\bin;C:\Program Files (x86)\NVIDIA Corporation\PhysX\Common;C:\Program Files\NVIDIA Corporation\NVIDIA NvDLISR;C:\Program Files\Git\cmd;C:\Program Files\Docker\Docker\resources\bin;C:\ProgramData\DockerDesktop\version-bin;C:\minikube;C:\minishift;C:\WINDOWS\system32;C:\WINDOWS;C:\WINDOWS\System32\Wbem;C:\WINDOWS\System32\WindowsPowerShell\v1.0\;C:\WINDOWS\System32\OpenSSH\;C:\Program Files\Certbot\bin;C:\Users\Winter\.cargo\bin;C:\Users\Winter\.jbang\bin;C:\Users\Winter\AppData\Local\Microsoft\WindowsApps;C:\Users\Winter\AppData\Roaming\npm;C:\Users\Winter\node_modules\.bin;C:\etc\bash;C:\etc\ffmpeg;C:\java\graalvm-ce-java11-22.0.0.2\bin;C:\etc\apache-maven\bin;C:\etc\Redis\bin;C:\Program Files\heroku\bin;C:\etc\sonar-scanner-4.7.0.2747-windows\bin;C:\Users\Winter\AppData\Local\JetBrains\Toolbox\scripts;C:\Users\Winter\AppData\Local\Microsoft\WindowsApps;C:\Users\Winter\AppData\Local\Programs\Microsoft VS Code\bin;C:\Program Files\OpenSSL3-Win64\bin
USERNAME=Winter
LANG=en_US.UTF-8
OS=Windows_NT
PROCESSOR_IDENTIFIER=AMD64 Family 23 Model 113 Stepping 0, AuthenticAMD



---------------  S Y S T E M  ---------------

OS: Windows 11 , 64 bit Build 22621 (10.0.22621.1344)
OS uptime: 0 days 9:49 hours
Hyper-V role detected

CPU:total 16 (initial active 16) (16 cores per cpu, 2 threads per core) family 23 model 113 stepping 0 microcode 0x0, cmov, cx8, fxsr, mmx, sse, sse2, sse3, ssse3, sse4.1, sse4.2, popcnt, avx, avx2, aes, clmul, mmxext, 3dnowpref, lzcnt, sse4a, ht, tsc, tscinvbit, tscinv, bmi1, bmi2, adx, sha, fma

Memory: 4k page, system-wide physical 32714M (17364M free)
TotalPageFile size 34762M (AvailPageFile size 9696M)
current process WorkingSet (physical memory assigned to process): 71M, peak: 71M
current process commit charge ("private bytes"): 680M, peak: 680M

vm_info: OpenJDK 64-Bit Server VM (11.0.14+9-jvmci-22.0-b05) for windows-amd64 JRE (11.0.14+9-jvmci-22.0-b05), built on Jan 20 2022 01:53:00 by "" with unknown MS VC++:1916

END.
